[debug] > Exec(early(addDefaultCommands), None, None)
[debug] > Exec(addDefaultCommands, None, None)
[debug] > Exec(early(initialize), None, None)
[debug] > Exec(initialize, None, None)
[debug] > Exec(boot, None, None)
[debug] > Exec(writeSbtVersion, None, None)
[debug] > Exec(reload, None, None)
[debug] > Exec(sbtStashOnFailure, None, None)
[debug] > Exec(onFailure loadFailed, None, None)
[debug] > Exec(loadp, None, None)
[info] welcome to sbt 1.8.0 (Amazon.com Inc. Java 17.0.4)
[debug] Load.defaultLoad until apply took 30.386917ms
[debug]           Load.loadUnit: plugins took 29.97175ms
[debug]           Load.loadUnit: defsScala took 0.100417ms
[debug] [Loading] Scanning directory /Users/jana/Documents/Study/MADE/2 term/spark/project
[debug] [Loading] Found non-root projects 
[debug] [Loading] Done in /Users/jana/Documents/Study/MADE/2 term/spark/project, returning: ()
[debug] deducing auto plugins based on known facts Set(Atom(sbt.plugins.CorePlugin)) and clauses Clauses(Clause(Atom(sbt.plugins.JvmPlugin),Set(Atom(sbt.plugins.IvyPlugin)))
[debug] Clause(Atom(sbt.ScriptedPlugin),Set(Atom(sbt.plugins.JvmPlugin)))
[debug] Clause(Atom(sbt.plugins.SbtPlugin),Set(Atom(sbt.ScriptedPlugin)))
[debug] Clause(Atom(sbt.plugins.SemanticdbPlugin),Set(Atom(sbt.plugins.JvmPlugin)))
[debug] Clause(Atom(sbt.plugins.JUnitXmlReportPlugin),Set(Atom(sbt.plugins.JvmPlugin)))
[debug] Clause(Atom(sbt.plugins.MiniDependencyTreePlugin),Set(Atom(sbt.plugins.JvmPlugin)))
[debug] Clause(Atom(sbt.plugins.CorePlugin),Set(Atom(sbt.plugins.IvyPlugin)))
[debug] Clause(Atom(sbt.plugins.IvyPlugin),Set(Atom(sbt.plugins.JvmPlugin)))
[debug] Clause(Atom(sbt.plugins.JvmPlugin),Set(Atom(sbt.plugins.SemanticdbPlugin)))
[debug] Clause(Atom(sbt.plugins.JvmPlugin),Set(Atom(sbt.plugins.JUnitXmlReportPlugin)))
[debug] Clause(Atom(sbt.plugins.CorePlugin),Set(Atom(sbt.plugins.Giter8TemplatePlugin)))
[debug] Clause(Atom(sbt.plugins.JvmPlugin),Set(Atom(sbt.plugins.MiniDependencyTreePlugin))))
[debug]   :: deduced result: Matched(sbt.plugins.CorePlugin,sbt.plugins.Giter8TemplatePlugin,sbt.plugins.IvyPlugin,sbt.plugins.JvmPlugin,sbt.plugins.MiniDependencyTreePlugin,sbt.plugins.JUnitXmlReportPlugin,sbt.plugins.SemanticdbPlugin)
[debug] Plugins.deducer#function took 5.825625 ms
[debug]               Load.resolveProject(spark-build) took 15.834875ms
[debug]             Load.loadTransitive: finalizeProject(Project(id spark-build, base: /Users/jana/Documents/Study/MADE/2 term/spark/project, plugins: List(<none>))) took 34.408542ms
[debug] [Loading] Done in /Users/jana/Documents/Study/MADE/2 term/spark/project, returning: (spark-build)
[debug]           Load.loadUnit: loadedProjectsRaw took 43.724542ms
[debug]           Load.loadUnit: cleanEvalClasses took 0.071375ms
[debug]         Load.loadUnit(file:/Users/jana/Documents/Study/MADE/2%20term/spark/project/, ...) took 76.711209ms
[debug]       Load.apply: load took 263.119541ms
[debug]       Load.apply: resolveProjects took 2.196625ms
[debug]       Load.apply: finalTransforms took 26.369666ms
[debug]       Load.apply: config.delegates took 2.421125ms
[debug]       Load.apply: Def.make(settings)... took 152.614292ms
[debug]       Load.apply: structureIndex took 42.055458ms
[debug]       Load.apply: mkStreams took 0.563375ms
[info] loading project definition from /Users/jana/Documents/Study/MADE/2 term/spark/project
[debug] Running task... Cancel: Signal, check cycles: false, forcegc: true
[debug]     Load.loadUnit: plugins took 862.849583ms
[debug]     Load.loadUnit: defsScala took 0.001458ms
[debug] [Loading] Scanning directory /Users/jana/Documents/Study/MADE/2 term/spark
[debug]       Load.loadUnit: mkEval took 2.560583ms
[debug] [Loading] Found non-root projects 
[debug] [Loading] Done in /Users/jana/Documents/Study/MADE/2 term/spark, returning: ()
[debug] deducing auto plugins based on known facts Set(Atom(sbt.plugins.CorePlugin)) and clauses Clauses(Clause(Atom(sbt.plugins.JvmPlugin),Set(Atom(sbt.plugins.IvyPlugin)))
[debug] Clause(Atom(sbt.ScriptedPlugin),Set(Atom(sbt.plugins.JvmPlugin)))
[debug] Clause(Atom(sbt.plugins.SbtPlugin),Set(Atom(sbt.ScriptedPlugin)))
[debug] Clause(Atom(sbt.plugins.SemanticdbPlugin),Set(Atom(sbt.plugins.JvmPlugin)))
[debug] Clause(Atom(sbt.plugins.JUnitXmlReportPlugin),Set(Atom(sbt.plugins.JvmPlugin)))
[debug] Clause(Atom(sbt.plugins.MiniDependencyTreePlugin),Set(Atom(sbt.plugins.JvmPlugin)))
[debug] Clause(Atom(sbt.plugins.CorePlugin),Set(Atom(sbt.plugins.IvyPlugin)))
[debug] Clause(Atom(sbt.plugins.IvyPlugin),Set(Atom(sbt.plugins.JvmPlugin)))
[debug] Clause(Atom(sbt.plugins.JvmPlugin),Set(Atom(sbt.plugins.SemanticdbPlugin)))
[debug] Clause(Atom(sbt.plugins.JvmPlugin),Set(Atom(sbt.plugins.JUnitXmlReportPlugin)))
[debug] Clause(Atom(sbt.plugins.CorePlugin),Set(Atom(sbt.plugins.Giter8TemplatePlugin)))
[debug] Clause(Atom(sbt.plugins.JvmPlugin),Set(Atom(sbt.plugins.MiniDependencyTreePlugin))))
[debug]   :: deduced result: Matched(sbt.plugins.CorePlugin,sbt.plugins.Giter8TemplatePlugin,sbt.plugins.IvyPlugin,sbt.plugins.JvmPlugin,sbt.plugins.MiniDependencyTreePlugin,sbt.plugins.JUnitXmlReportPlugin,sbt.plugins.SemanticdbPlugin)
[debug] Plugins.deducer#function took 0.857167 ms
[info] loading settings for project spark from build.sbt ...
[debug]         Load.resolveProject(spark) took 1.207917ms
[debug]       Load.loadTransitive: finalizeProject(Project(id spark, base: /Users/jana/Documents/Study/MADE/2 term/spark, plugins: List(<none>))) took 2.355208ms
[debug] [Loading] Done in /Users/jana/Documents/Study/MADE/2 term/spark, returning: (spark)
[debug]     Load.loadUnit: loadedProjectsRaw took 74.688291ms
[debug]     Load.loadUnit: cleanEvalClasses took 5.353708ms
[debug]   Load.loadUnit(file:/Users/jana/Documents/Study/MADE/2%20term/spark/, ...) took 943.748625ms
[debug] Load.apply: load took 950.305333ms
[debug] Load.apply: resolveProjects took 0.066958ms
[debug] Load.apply: finalTransforms took 4.947042ms
[debug] Load.apply: config.delegates took 0.221208ms
[debug] Load.apply: Def.make(settings)... took 47.711083ms
[debug] Load.apply: structureIndex took 14.791542ms
[debug] Load.apply: mkStreams took 0.001583ms
[info] set current project to made_example (in build file:/Users/jana/Documents/Study/MADE/2%20term/spark/)
[debug] > Exec(sbtPopOnFailure, None, None)
[debug] > Exec(resumeFromFailure, None, None)
[debug] > Exec(notifyUsersAboutShell, None, None)
[debug] > Exec(iflast shell, None, None)
[debug] > Exec(shell, None, None)
[info] sbt server started at local:///Users/jana/.sbt/1.0/server/fce748d6f66589bfc94f/sock
[debug] Writing bsp connection file
[info] started sbt server
