[debug] > Exec(early(addDefaultCommands), None, None)
[debug] > Exec(addDefaultCommands, None, None)
[debug] > Exec(early(initialize), None, None)
[debug] > Exec(initialize, None, None)
[debug] > Exec(boot, None, None)
[debug] > Exec(writeSbtVersion, None, None)
[debug] > Exec(reload, None, None)
[debug] > Exec(sbtStashOnFailure, None, None)
[debug] > Exec(onFailure loadFailed, None, None)
[debug] > Exec(loadp, None, None)
[info] welcome to sbt 1.8.0 (Amazon.com Inc. Java 17.0.4)
[debug] Load.defaultLoad until apply took 36.942875ms
[debug]           Load.loadUnit: plugins took 25.29575ms
[debug]           Load.loadUnit: defsScala took 0.10125ms
[debug] [Loading] Scanning directory /Users/jana/Documents/Study/MADE/2 term/spark/project
[debug] [Loading] Found non-root projects 
[debug] [Loading] Done in /Users/jana/Documents/Study/MADE/2 term/spark/project, returning: ()
[debug] deducing auto plugins based on known facts Set(Atom(sbt.plugins.CorePlugin)) and clauses Clauses(Clause(Atom(sbt.plugins.JvmPlugin),Set(Atom(sbt.plugins.IvyPlugin)))
[debug] Clause(Atom(sbt.ScriptedPlugin),Set(Atom(sbt.plugins.JvmPlugin)))
[debug] Clause(Atom(sbt.plugins.SbtPlugin),Set(Atom(sbt.ScriptedPlugin)))
[debug] Clause(Atom(sbt.plugins.SemanticdbPlugin),Set(Atom(sbt.plugins.JvmPlugin)))
[debug] Clause(Atom(sbt.plugins.JUnitXmlReportPlugin),Set(Atom(sbt.plugins.JvmPlugin)))
[debug] Clause(Atom(sbt.plugins.MiniDependencyTreePlugin),Set(Atom(sbt.plugins.JvmPlugin)))
[debug] Clause(Atom(sbt.plugins.CorePlugin),Set(Atom(sbt.plugins.IvyPlugin)))
[debug] Clause(Atom(sbt.plugins.IvyPlugin),Set(Atom(sbt.plugins.JvmPlugin)))
[debug] Clause(Atom(sbt.plugins.JvmPlugin),Set(Atom(sbt.plugins.SemanticdbPlugin)))
[debug] Clause(Atom(sbt.plugins.JvmPlugin),Set(Atom(sbt.plugins.JUnitXmlReportPlugin)))
[debug] Clause(Atom(sbt.plugins.CorePlugin),Set(Atom(sbt.plugins.Giter8TemplatePlugin)))
[debug] Clause(Atom(sbt.plugins.JvmPlugin),Set(Atom(sbt.plugins.MiniDependencyTreePlugin))))
[debug]   :: deduced result: Matched(sbt.plugins.CorePlugin,sbt.plugins.Giter8TemplatePlugin,sbt.plugins.IvyPlugin,sbt.plugins.JvmPlugin,sbt.plugins.MiniDependencyTreePlugin,sbt.plugins.JUnitXmlReportPlugin,sbt.plugins.SemanticdbPlugin)
[debug] Plugins.deducer#function took 5.666416 ms
[debug]               Load.resolveProject(spark-build) took 15.183917ms
[debug]             Load.loadTransitive: finalizeProject(Project(id spark-build, base: /Users/jana/Documents/Study/MADE/2 term/spark/project, plugins: List(<none>))) took 30.1295ms
[debug] [Loading] Done in /Users/jana/Documents/Study/MADE/2 term/spark/project, returning: (spark-build)
[debug]           Load.loadUnit: loadedProjectsRaw took 37.352041ms
[debug]           Load.loadUnit: cleanEvalClasses took 0.0655ms
[debug]         Load.loadUnit(file:/Users/jana/Documents/Study/MADE/2%20term/spark/project/, ...) took 64.819584ms
[debug]       Load.apply: load took 256.251083ms
[debug]       Load.apply: resolveProjects took 2.482166ms
[debug]       Load.apply: finalTransforms took 22.665416ms
[debug]       Load.apply: config.delegates took 2.347125ms
[debug]       Load.apply: Def.make(settings)... took 158.114458ms
[debug]       Load.apply: structureIndex took 34.917334ms
[debug]       Load.apply: mkStreams took 0.550416ms
[info] loading project definition from /Users/jana/Documents/Study/MADE/2 term/spark/project
[debug] Running task... Cancel: Signal, check cycles: false, forcegc: true
[debug]     Load.loadUnit: plugins took 849.604417ms
[debug]     Load.loadUnit: defsScala took 0.001875ms
[debug] [Loading] Scanning directory /Users/jana/Documents/Study/MADE/2 term/spark
[debug]       Load.loadUnit: mkEval took 2.405708ms
[debug] [Loading] Found non-root projects 
[debug] [Loading] Done in /Users/jana/Documents/Study/MADE/2 term/spark, returning: ()
[debug] deducing auto plugins based on known facts Set(Atom(sbt.plugins.CorePlugin)) and clauses Clauses(Clause(Atom(sbt.plugins.JvmPlugin),Set(Atom(sbt.plugins.IvyPlugin)))
[debug] Clause(Atom(sbt.ScriptedPlugin),Set(Atom(sbt.plugins.JvmPlugin)))
[debug] Clause(Atom(sbt.plugins.SbtPlugin),Set(Atom(sbt.ScriptedPlugin)))
[debug] Clause(Atom(sbt.plugins.SemanticdbPlugin),Set(Atom(sbt.plugins.JvmPlugin)))
[debug] Clause(Atom(sbt.plugins.JUnitXmlReportPlugin),Set(Atom(sbt.plugins.JvmPlugin)))
[debug] Clause(Atom(sbt.plugins.MiniDependencyTreePlugin),Set(Atom(sbt.plugins.JvmPlugin)))
[debug] Clause(Atom(sbt.plugins.CorePlugin),Set(Atom(sbt.plugins.IvyPlugin)))
[debug] Clause(Atom(sbt.plugins.IvyPlugin),Set(Atom(sbt.plugins.JvmPlugin)))
[debug] Clause(Atom(sbt.plugins.JvmPlugin),Set(Atom(sbt.plugins.SemanticdbPlugin)))
[debug] Clause(Atom(sbt.plugins.JvmPlugin),Set(Atom(sbt.plugins.JUnitXmlReportPlugin)))
[debug] Clause(Atom(sbt.plugins.CorePlugin),Set(Atom(sbt.plugins.Giter8TemplatePlugin)))
[debug] Clause(Atom(sbt.plugins.JvmPlugin),Set(Atom(sbt.plugins.MiniDependencyTreePlugin))))
[debug]   :: deduced result: Matched(sbt.plugins.CorePlugin,sbt.plugins.Giter8TemplatePlugin,sbt.plugins.IvyPlugin,sbt.plugins.JvmPlugin,sbt.plugins.MiniDependencyTreePlugin,sbt.plugins.JUnitXmlReportPlugin,sbt.plugins.SemanticdbPlugin)
[debug] Plugins.deducer#function took 0.809625 ms
[info] loading settings for project spark from build.sbt ...
[debug]         Load.resolveProject(spark) took 1.057041ms
[debug]       Load.loadTransitive: finalizeProject(Project(id spark, base: /Users/jana/Documents/Study/MADE/2 term/spark, plugins: List(<none>))) took 2.121ms
[debug] [Loading] Done in /Users/jana/Documents/Study/MADE/2 term/spark, returning: (spark)
[debug]     Load.loadUnit: loadedProjectsRaw took 73.235791ms
[debug]     Load.loadUnit: cleanEvalClasses took 2.791125ms
[debug]   Load.loadUnit(file:/Users/jana/Documents/Study/MADE/2%20term/spark/, ...) took 926.311459ms
[debug] Load.apply: load took 932.598333ms
[debug] Load.apply: resolveProjects took 0.048166ms
[debug] Load.apply: finalTransforms took 4.224334ms
[debug] Load.apply: config.delegates took 0.198875ms
[debug] Load.apply: Def.make(settings)... took 45.18725ms
[debug] Load.apply: structureIndex took 13.412709ms
[debug] Load.apply: mkStreams took 0.001708ms
[info] set current project to made_example (in build file:/Users/jana/Documents/Study/MADE/2%20term/spark/)
[debug] > Exec(sbtPopOnFailure, None, None)
[debug] > Exec(resumeFromFailure, None, None)
[debug] > Exec(notifyUsersAboutShell, None, None)
[debug] > Exec(iflast shell, None, None)
[debug] > Exec(shell, None, None)
[info] sbt server started at local:///Users/jana/.sbt/1.0/server/fce748d6f66589bfc94f/sock
[debug] Writing bsp connection file
[info] started sbt server
